PRSRRRPRRRRRRRRRSSSSSSSSPRRRRRRR
SSSSSSSSSSSPPPPPPPPPPPPPSSSSSSSR
PRRRPRSSRRRPRRRRRRRRRRRRRRRRRPRP
RPSSRPSSSSSPSSSSSSSSSSPRSSSSSSSS
PRRRPRSPRRRRRRRPRRRRRRRRRRSSPRRR
SPSSPRSSPRSSPSSSPPRRRSSSRPSSSSSS
PRRRRPSSPRRRRRRRRRRRRRRRRSRRRPRR
PRRPPRSPPRRRRRSRPPRRSRRRRPSSPRPS
PRSRPRPSPRRRRSSRPRRRSRSPRPSSPRRR
PRRRPRSPPRRRRRRRPRRRRRRRRPSSPRRP
SPSSSSSSPPPPPPPPPPPPPPPPSSSSSSSR
RPSSRPSSSSSPRPSSSSSSSSSSPSSSSSSS
PRRRRRRRSSSSSRSSSSSSSSSSSSSSSSSS
PPRRPRSPPRRRRRRRPRRRRRRRRPSSPRPP
RRRRRPRRRRRRRRRRRRPRRRRRRRRPPRSS
PPSRPRSPPRSRRSRSPPRRSRSSPPSSPPPP
PRRRRRRRRRRRSSSSSSSSSSSSSSSSSSSS
PPPRPRSPPRPPRRPPPPRRPPRPPPPSPRRR
PPRSSSSSSPPPSSSSPPSRSSSRPPSSPPSP
PRRRSSSSRRRRRPRRRRRRRRRRRPRRRPRR
PPRRPRSPPRPPPPRRPPRPSRPPPPSSPRRP
PRRRPRSSPRRRRRRRPRRRRSSRRPSSSSSS
RRRPRPRRRRSRRRRSSSSSSSSSRRRRRPRR
SPPPPPPPPPPPRRRRRRRRPPRRPPRRPPPP
PRRPPRPSPRRRPRRRPPPRRRPRRPPSPRRR
RRRRRRSRSRRPRRRRSSSSRRRPPRRRRRRR
PRRRPRSPPRRRPRRRPPPRSRPPPPSSPRRP
SPPPPPRRPPRRRRRRRRRRPPRRPRRRRRRR
PRRRPRSPPRSRSRRRPPRPRSPPPPSSPPPP
PPRSPRSSPRRSSRSRPRRRSRSSRPSSPRRR
PRSRPRSSPRRRRRRRPRRRRSSRRPSSSSSS
PRRRSPSSPRRRRRRRPRRRRRRRRRRPSSSS
SRRSPRSSPRRSRSSSPPPRSRRSPPSSSSSS
RRRPRPRRRRSRRRRSSSSSSSSSRRRRRPRR
PRRRPRSPPRRRRRRRPPRRRRPPPPSSPPPP
PPPPPSPPPRPPRSPSPPRPRPRSPPPPPPPS
PPPPPRSSPRPPRRPSPPPPSSRSPPSSPSSP
SPPPPPPPPPPPRRRRRRRRPPPPPPRRPPPP
PRRRPRSPPRRRRRRRPPRRRRPPRPSSPPPP
RRRPRPRRRRSRRRRSSSSSSSSSRRRRRPRR
PRRRRRRRRRRRRRRRSSSSSSSSSSSSSSSS
SPPPPPPPPPPPRRRRRRRRPPPRPPRRPPPP
PRRRPRSSPRRRRRRRPRRRRRRRRPSSSSSS
PRRRRPSSPRSRRRRRPRRRRRSRSSSSSSSS
PRRRPRSSPRRRRSRRPRRRRRRRRPSSRRRP
RRPRRRSSRRRRRRRRRRRRPRRRSSSSSSSS
PRRSPRSSPRSRSRSRPRRRRRRRRPSSSSSS
SSPPPPSSPPPPRSPSPPPPPPPPPPSSSSRP
SSSSSSSSSSSSSSSSRPRRRRRPRRPRRRRR
PRRRPRSPPRRRRRRRPRRRRRRRRPSSPRPP
