PRRRPRPSPRRRRRRRPRRRRSSRRPSSSSSS
PPSRPRSSPRSRRSRSPRRRRSSSRPSSPPRS
RRPRRRSSRRRRRRRRRRRRPRRRSSSSSSSS
SPPPPPRRPPRRRRRRRRRRPRRRPRRRRRRR
PRSRPRSPPRRRPSRRPRRRRSSRRPSSPRRR
PRRRPRSPPRRRRRRRPRRRRRRRRPSSPRPP
SPPRPRRRPRRRRRRRRRRRPRRRPRRRRRRR
SPPPPPSSPPSSSSPSPPRSPPRSPPSSPPPS
PRRPPRPSPRRRRRRRPRPRRRRRRPPSPRRR
PRSRPRSPPRRRRSRRPRRRRSSRRPSSPRRR
SRRSRPRSRRSSSRRRRRRRRRPRRPSSSSSS
PRSRPRSPPRRSSRRRPPRRSRPPPPSSPPPP
PRRRPRSPPRRSPRSRPPPRSRPPPPSSPRPR
RRRPRRRRRRRRRRRSSSSSRRRPRRPRRRRR
SPPRRPRRPRRRRRRRRRRRRRRRRRRRRPRR
PRSRPRSPPRRRPSRRPRRRRSSRRPSSPRRR
SRSSRRRRRRRRRPRRRPRRRRRRSSSSSSSS
RRRPRSRRRRRRRRRRPRRRSSSSRRPRRRRR
SPPPPPRRPRRRRRRRRRRRPRRRPRRRRRRR
PRRRSPRPPRRRRRRRSRRRRRRRPRRRRRSP
PPSRPRSSPSPPSSSSPPRRSRSSPPSSSPSS
SRRRPRRRRRRSRRRPPRRRRRRRRSPRPRSS
PPRSPRSSPRRSSSRSPRPRRSRSPPSSSSSS
PRRRPRPSPRRRRRRRPRRRRRRRRPPSPRRR
SPSPPRSSPRSRSSRSPRRPRSSRRPSSPRSR
PRRRPRSSPRRRRRRRPRRRRRSRRPSSSSSS
PPRSPRSSPRRSRSSRPPRRRSSRPPSSSSSS
PPSSPPSSSSPPSSSSSSRSRSPRSSSSPPPS
SRRSRPRSRRSSSRRRRRRRRRPRRPSSSSSS
PRRRSSSSRRPRRRRRRRRRRRRRPPSRRRSS
PPSSPRSSPSSSSSSSPRSRSSSRRPSSSSSS
RRRRRRRRRRRPRRRRSSSSSSSSRRRPRRRR
PRRRRPSSPRSRRRRRPRRRRRRRSSSSSSSS
PRPPPRSSPRRRRSSRPRRRSRSSPPSSPRRR
SPPPPPPPPPPPPPPPPPPPPPPPPPPPPPPR
PRRRRPSSRRPRRRRRPRRRRRRRRPRRRPRR
PRRRRRSSSSSSSSSSSSSSSSSSSSSSSSSS
SPPPPRSSSPSSSSSSSSPRSSSSPSSSPPSS
PRRRPRSSPRRRRRRRPRRRRSSRRPSSSSSS
PRRRPSRPPRRRRRRRPRRRRRRRRPRRRRSP
PRRRPRSPPRRRRRRRPPRRRRPPPPSSPPPP
PPPPPRSSPRPPRSSRPPRRSSSRSPSSSPPP
SPPPPPRRPPRRRRRRRRRRPPRRPPRRRRRR
PRRRPRSPPRSRSRRRPPRPRSPPPPSSPPPP
RRRPRSRRSSSSRPSSRRRRRRRRPRRRRRSS
RRRRRRSRSRRPRRRRSSSSRRRPPRRRRRRR
RRSRSSSSRPSRRSSSSSSSSSSSPRRRRSSS
PRRRSPRPPRRRRRRRSRRRRRRRPRRRRRSP
SSSSSSSSSSSSSSSSPPPPSSSSSSSSSSPR
RPRRRRRRRRRRRRRRSSSSSSSSRRRPRRRR
